# JRE version: Java(TM) SE Runtime Environment (8.0_111-b14) (build 1.8.0_111-b14)
# Java VM: Java HotSpot(TM) 64-Bit Server VM (25.111-b14 mixed mode linux-amd64 compressed oops)
Heap:
 PSYoungGen      total 21504K, used 10411K [0x00000000ebe00000, 0x00000000ed880000, 0x0000000100000000)
  eden space 15872K, 51% used [0x00000000ebe00000,0x00000000ec606dd0,0x00000000ecd80000)
  from space 5632K, 38% used [0x00000000ecd80000,0x00000000ecfa4070,0x00000000ed300000)
  to   space 5632K, 0% used [0x00000000ed300000,0x00000000ed300000,0x00000000ed880000)
 ParOldGen       total 25600K, used 6406K [0x00000000c3a00000, 0x00000000c5300000, 0x00000000ebe00000)
  object space 25600K, 25% used [0x00000000c3a00000,0x00000000c40418f8,0x00000000c5300000)
 Metaspace       used 21471K, capacity 21708K, committed 22144K, reserved 1069056K
  class space    used 2491K, capacity 2584K, committed 2688K, reserved 1048576K
GC Heap History (10 events):
Event: 70,852 GC heap before
{Heap before GC invocations=4 (full 0):
 PSYoungGen      total 18432K, used 18418K [0x00000000ebe00000, 0x00000000ed280000, 0x0000000100000000)
  eden space 15872K, 100% used [0x00000000ebe00000,0x00000000ecd80000,0x00000000ecd80000)
  from space 2560K, 99% used [0x00000000ecd80000,0x00000000ecffc870,0x00000000ed000000)
  to   space 2560K, 0% used [0x00000000ed000000,0x00000000ed000000,0x00000000ed280000)
 ParOldGen       total 42496K, used 4231K [0x00000000c3a00000, 0x00000000c6380000, 0x00000000ebe00000)
  object space 42496K, 9% used [0x00000000c3a00000,0x00000000c3e21cb0,0x00000000c6380000)
 Metaspace       used 20463K, capacity 20654K, committed 20992K, reserved 1067008K
  class space    used 2404K, capacity 2515K, committed 2560K, reserved 1048576K
Event: 70,874 GC heap after
Heap after GC invocations=4 (full 0):
 PSYoungGen      total 18432K, used 2528K [0x00000000ebe00000, 0x00000000ed280000, 0x0000000100000000)
  eden space 15872K, 0% used [0x00000000ebe00000,0x00000000ebe00000,0x00000000ecd80000)
  from space 2560K, 98% used [0x00000000ed000000,0x00000000ed278050,0x00000000ed280000)
  to   space 2560K, 0% used [0x00000000ecd80000,0x00000000ecd80000,0x00000000ed000000)
 ParOldGen       total 42496K, used 4391K [0x00000000c3a00000, 0x00000000c6380000, 0x00000000ebe00000)
  object space 42496K, 10% used [0x00000000c3a00000,0x00000000c3e49cb0,0x00000000c6380000)
 Metaspace       used 20463K, capacity 20654K, committed 20992K, reserved 1067008K
  class space    used 2404K, capacity 2515K, committed 2560K, reserved 1048576K
}
Event: 136,700 GC heap before
{Heap before GC invocations=5 (full 0):
 PSYoungGen      total 18432K, used 11249K [0x00000000ebe00000, 0x00000000ed280000, 0x0000000100000000)
  eden space 15872K, 54% used [0x00000000ebe00000,0x00000000ec6844c0,0x00000000ecd80000)
  from space 2560K, 98% used [0x00000000ed000000,0x00000000ed278050,0x00000000ed280000)
  to   space 2560K, 0% used [0x00000000ecd80000,0x00000000ecd80000,0x00000000ed000000)
 ParOldGen       total 42496K, used 4391K [0x00000000c3a00000, 0x00000000c6380000, 0x00000000ebe00000)
  object space 42496K, 10% used [0x00000000c3a00000,0x00000000c3e49cb0,0x00000000c6380000)
 Metaspace       used 20892K, capacity 21070K, committed 21248K, reserved 1069056K
  class space    used 2451K, capacity 2547K, committed 2560K, reserved 1048576K
Event: 136,723 GC heap after
Heap after GC invocations=5 (full 0):
 PSYoungGen      total 18432K, used 2544K [0x00000000ebe00000, 0x00000000ed880000, 0x0000000100000000)
  eden space 15872K, 0% used [0x00000000ebe00000,0x00000000ebe00000,0x00000000ecd80000)
  from space 2560K, 99% used [0x00000000ecd80000,0x00000000ecffc060,0x00000000ed000000)
  to   space 5632K, 0% used [0x00000000ed300000,0x00000000ed300000,0x00000000ed880000)
 ParOldGen       total 42496K, used 4911K [0x00000000c3a00000, 0x00000000c6380000, 0x00000000ebe00000)
  object space 42496K, 11% used [0x00000000c3a00000,0x00000000c3ecbcf0,0x00000000c6380000)
 Metaspace       used 20892K, capacity 21070K, committed 21248K, reserved 1069056K
  class space    used 2451K, capacity 2547K, committed 2560K, reserved 1048576K
}
Event: 136,723 GC heap before
{Heap before GC invocations=6 (full 1):
 PSYoungGen      total 18432K, used 2544K [0x00000000ebe00000, 0x00000000ed880000, 0x0000000100000000)
  eden space 15872K, 0% used [0x00000000ebe00000,0x00000000ebe00000,0x00000000ecd80000)
  from space 2560K, 99% used [0x00000000ecd80000,0x00000000ecffc060,0x00000000ed000000)
  to   space 5632K, 0% used [0x00000000ed300000,0x00000000ed300000,0x00000000ed880000)
 ParOldGen       total 42496K, used 4911K [0x00000000c3a00000, 0x00000000c6380000, 0x00000000ebe00000)
  object space 42496K, 11% used [0x00000000c3a00000,0x00000000c3ecbcf0,0x00000000c6380000)
 Metaspace       used 20892K, capacity 21070K, committed 21248K, reserved 1069056K
  class space    used 2451K, capacity 2547K, committed 2560K, reserved 1048576K
Event: 136,823 GC heap after
Heap after GC invocations=6 (full 1):
 PSYoungGen      total 18432K, used 0K [0x00000000ebe00000, 0x00000000ed880000, 0x0000000100000000)
  eden space 15872K, 0% used [0x00000000ebe00000,0x00000000ebe00000,0x00000000ecd80000)
  from space 2560K, 0% used [0x00000000ecd80000,0x00000000ecd80000,0x00000000ed000000)
  to   space 5632K, 0% used [0x00000000ed300000,0x00000000ed300000,0x00000000ed880000)
 ParOldGen       total 25600K, used 6390K [0x00000000c3a00000, 0x00000000c5300000, 0x00000000ebe00000)
  object space 25600K, 24% used [0x00000000c3a00000,0x00000000c403d8f8,0x00000000c5300000)
 Metaspace       used 20892K, capacity 21070K, committed 21248K, reserved 1069056K
  class space    used 2451K, capacity 2547K, committed 2560K, reserved 1048576K
}
Event: 176,885 GC heap before
{Heap before GC invocations=7 (full 1):
 PSYoungGen      total 18432K, used 15872K [0x00000000ebe00000, 0x00000000ed880000, 0x0000000100000000)
  eden space 15872K, 100% used [0x00000000ebe00000,0x00000000ecd80000,0x00000000ecd80000)
  from space 2560K, 0% used [0x00000000ecd80000,0x00000000ecd80000,0x00000000ed000000)
  to   space 5632K, 0% used [0x00000000ed300000,0x00000000ed300000,0x00000000ed880000)
 ParOldGen       total 25600K, used 6390K [0x00000000c3a00000, 0x00000000c5300000, 0x00000000ebe00000)
  object space 25600K, 24% used [0x00000000c3a00000,0x00000000c403d8f8,0x00000000c5300000)
 Metaspace       used 21255K, capacity 21408K, committed 21760K, reserved 1069056K
  class space    used 2482K, capacity 2550K, committed 2560K, reserved 1048576K
Event: 176,894 GC heap after
Heap after GC invocations=7 (full 1):
 PSYoungGen      total 21504K, used 1504K [0x00000000ebe00000, 0x00000000ed880000, 0x0000000100000000)
  eden space 15872K, 0% used [0x00000000ebe00000,0x00000000ebe00000,0x00000000ecd80000)
  from space 5632K, 26% used [0x00000000ed300000,0x00000000ed478020,0x00000000ed880000)
  to   space 5632K, 0% used [0x00000000ecd80000,0x00000000ecd80000,0x00000000ed300000)
 ParOldGen       total 25600K, used 6398K [0x00000000c3a00000, 0x00000000c5300000, 0x00000000ebe00000)
  object space 25600K, 24% used [0x00000000c3a00000,0x00000000c403f8f8,0x00000000c5300000)
 Metaspace       used 21255K, capacity 21408K, committed 21760K, reserved 1069056K
  class space    used 2482K, capacity 2550K, committed 2560K, reserved 1048576K
}
Event: 234,882 GC heap before
{Heap before GC invocations=8 (full 1):
 PSYoungGen      total 21504K, used 17376K [0x00000000ebe00000, 0x00000000ed880000, 0x0000000100000000)
  eden space 15872K, 100% used [0x00000000ebe00000,0x00000000ecd80000,0x00000000ecd80000)
  from space 5632K, 26% used [0x00000000ed300000,0x00000000ed478020,0x00000000ed880000)
  to   space 5632K, 0% used [0x00000000ecd80000,0x00000000ecd80000,0x00000000ed300000)
 ParOldGen       total 25600K, used 6398K [0x00000000c3a00000, 0x00000000c5300000, 0x00000000ebe00000)
  object space 25600K, 24% used [0x00000000c3a00000,0x00000000c403f8f8,0x00000000c5300000)
 Metaspace       used 21377K, capacity 21536K, committed 21760K, reserved 1069056K
  class space    used 2482K, capacity 2550K, committed 2560K, reserved 1048576K
Event: 234,895 GC heap after
Heap after GC invocations=8 (full 1):
 PSYoungGen      total 21504K, used 2192K [0x00000000ebe00000, 0x00000000ed880000, 0x0000000100000000)
  eden space 15872K, 0% used [0x00000000ebe00000,0x00000000ebe00000,0x00000000ecd80000)
  from space 5632K, 38% used [0x00000000ecd80000,0x00000000ecfa4070,0x00000000ed300000)
  to   space 5632K, 0% used [0x00000000ed300000,0x00000000ed300000,0x00000000ed880000)
 ParOldGen       total 25600K, used 6406K [0x00000000c3a00000, 0x00000000c5300000, 0x00000000ebe00000)
  object space 25600K, 25% used [0x00000000c3a00000,0x00000000c40418f8,0x00000000c5300000)
 Metaspace       used 21377K, capacity 21536K, committed 21760K, reserved 1069056K
  class space    used 2482K, capacity 2550K, committed 2560K, reserved 1048576K
}

